ARM GAS  /tmp/ccISCq8V.s 			page 1


   1              		.cpu cortex-m4
   2              		.eabi_attribute 27, 1
   3              		.eabi_attribute 28, 1
   4              		.eabi_attribute 20, 1
   5              		.eabi_attribute 21, 1
   6              		.eabi_attribute 23, 3
   7              		.eabi_attribute 24, 1
   8              		.eabi_attribute 25, 1
   9              		.eabi_attribute 26, 1
  10              		.eabi_attribute 30, 2
  11              		.eabi_attribute 34, 1
  12              		.eabi_attribute 18, 4
  13              		.file	"position_calibrator.c"
  14              		.text
  15              	.Ltext0:
  16              		.cfi_sections	.debug_frame
  17              	.Letext0:
  18              		.section	.debug_line,"",%progbits
  19              	.Ldebug_line0:
  20              		.section	.debug_str,"MS",%progbits,1
  21              	.LASF0:
  22 0000 706F7369 		.ascii	"position_calibrator.c\000"
  22      74696F6E 
  22      5F63616C 
  22      69627261 
  22      746F722E 
  23              	.LASF1:
  24 0016 2F686F6D 		.ascii	"/home/taras/Documents/EPFL/Robotique/TP/Project/Min"
  24      652F7461 
  24      7261732F 
  24      446F6375 
  24      6D656E74 
  25 0049 6950726F 		.ascii	"iProject/\000"
  25      6A656374 
  25      2F00
  26              	.LASF2:
  27 0053 474E5520 		.ascii	"GNU C11 7.2.1 20170904 (release) [ARM/embedded-7-br"
  27      43313120 
  27      372E322E 
  27      31203230 
  27      31373039 
  28 0086 616E6368 		.ascii	"anch revision 255204] -mcpu=cortex-m4 -mfloat-abi=h"
  28      20726576 
  28      6973696F 
  28      6E203235 
  28      35323034 
  29 00b9 61726420 		.ascii	"ard -mfpu=fpv4-sp-d16 -mno-thumb-interwork -mthumb "
  29      2D6D6670 
  29      753D6670 
  29      76342D73 
  29      702D6431 
  30 00ec 2D676764 		.ascii	"-ggdb -O2 -fomit-frame-pointer -falign-functions=16"
  30      62202D4F 
  30      32202D66 
  30      6F6D6974 
  30      2D667261 
  31 011f 202D666E 		.ascii	" -fno-strict-aliasing -fstack-protector-all -ffunct"
ARM GAS  /tmp/ccISCq8V.s 			page 2


  31      6F2D7374 
  31      72696374 
  31      2D616C69 
  31      6173696E 
  32 0152 696F6E2D 		.ascii	"ion-sections -fdata-sections -fno-common -fsingle-p"
  32      73656374 
  32      696F6E73 
  32      202D6664 
  32      6174612D 
  33 0185 72656369 		.ascii	"recision-constant\000"
  33      73696F6E 
  33      2D636F6E 
  33      7374616E 
  33      7400
  34              		.ident	"GCC: (GNU Tools for Arm Embedded Processors 7-2017-q4-major) 7.2.1 20170904 (release) [ARM
ARM GAS  /tmp/ccISCq8V.s 			page 3


DEFINED SYMBOLS
                            *ABS*:0000000000000000 position_calibrator.c

NO UNDEFINED SYMBOLS
